
elastix is started at Fri Feb  6 04:18:05 2026.

which elastix:   elastix
  elastix version: 5.1.0
  Build date: Jun 22 2023 03:14:27
  Compiler: GCC version 12.3.0
  Memory address size: 64-bit
  CMake version: 3.26.4
  ITK version: 5.3.0

Command-line arguments: 
  -f P2.nii.gz -m CT.nii.gz -p parameters_rigid.txt -p parameters_affine.txt -p parameters_bspline.txt -out output_elastix_p1

elastix runs at: Naiara
  Linux 6.6.87.2-microsoft-standard-WSL2 (x64), #1 SMP PREEMPT_DYNAMIC Thu Jun  5 18:30:46 UTC 2025
  with 15956 MB memory, and 8 cores @ 3693 MHz.
-------------------------------------------------------------------------

Running elastix with parameter file 0: "parameters_rigid.txt".

Current time: Fri Feb  6 04:18:05 2026.
Reading the elastix parameters from file ...

Installing all components.
InstallingComponents was successful.

ELASTIX version: 5.1.0
Command line options from ElastixBase:
-f        P2.nii.gz
-m        CT.nii.gz
-fMask    unspecified, so no fixed mask used
-mMask    unspecified, so no moving mask used
-out      output_elastix_p1/
-p        parameters_rigid.txt
-p        parameters_affine.txt
-p        parameters_bspline.txt
-threads  unspecified, so all available threads are used
Command line options from TransformBase:
-t0       unspecified, so no initial transform used

=============== start of ParameterFile: parameters_rigid.txt ===============
// Example parameter file for RIGID registration (CT <-> MRI)
// Based on your affine file, but using a rigid transform (rotation + translation)
// C-style comments: //

// =================== Image types ===================

// Internal pixel type for computations
(FixedInternalImagePixelType "float")
(MovingInternalImagePixelType "float")

// Use direction cosines (recommended unless your headers are corrupted)
(UseDirectionCosines "true")

// =================== Main Components ===================

(Registration "MultiResolutionRegistration")

// Interpolator used during optimization
(Interpolator "BSplineInterpolator")

// Interpolator used for generating the result image
(ResampleInterpolator "FinalBSplineInterpolator")

(Resampler "DefaultResampler")

// Image pyramids (multi-resolution)
(FixedImagePyramid "FixedRecursiveImagePyramid")
(MovingImagePyramid "MovingRecursiveImagePyramid")

// Optimizer + Transform + Metric
(Optimizer "AdaptiveStochasticGradientDescent")

// RIGID in 3D: rotation + translation
(Transform "EulerTransform")

// Good default for multi-modality CT<->MRI
(Metric "AdvancedMattesMutualInformation")

// =================== Transformation settings ===================

// Scale parameters automatically (recommended)
(AutomaticScalesEstimation "true")

// Initialize by aligning geometric centers (recommended for rigid start)
(AutomaticTransformInitialization "true")

// Combine transforms between stages (important when chaining -p files)
(HowToCombineTransforms "Compose")

// =================== Similarity measure ===================

// Histogram bins for MI. Hierarchical over resolutions is often more robust.
(NumberOfHistogramBins 16 32 64 64)

// If you use mask as ROI, keep false
(ErodeMask "false")

// =================== Multiresolution ===================

(NumberOfResolutions 4)

// Optional: you can uncomment and tweak if needed
//(ImagePyramidSchedule 8 8 8  4 4 4  2 2 2  1 1 1)

// =================== Optimizer ===================

// Iterations per resolution
(MaximumNumberOfIterations 500)

// Optional (usually leave commented)
//(MaximumStepLength 1.0)

// =================== Image sampling ===================

// More samples => more stable MI (especially CT<->MRI and/or with masks)
(NumberOfSpatialSamples 12000)

(NewSamplesEveryIteration "true")
(ImageSampler "Random")

// =================== Interpolation and Resampling ===================

// During optimization (1 = linear-like; stable and fast)
(BSplineInterpolationOrder 1)

// For final resampling of intensity images
(FinalBSplineInterpolationOrder 3)

// Default value outside image
(DefaultPixelValue 0)

// Write result image from this stage
(WriteResultImage "true")

// Output format/type
(ResultImagePixelType "short")
(ResultImageFormat "mhd")


=============== end of ParameterFile: parameters_rigid.txt ===============


Reading images...
Reading images took 1527 ms.

WARNING: the fixed pyramid schedule is not fully specified!
  A default pyramid schedule is used.
WARNING: the moving pyramid schedule is not fully specified!
  A default pyramid schedule is used.
WARNING: The parameter "AutomaticTransformInitializationMethod", requested at entry number 0, does not exist at all.
  The default value "GeometricalCenter" is used instead.
Transform parameters are initialized as: [0, 0, 0, -11.77423095703125, -139.31640625, -190.31325435638428]
Scales are estimated automatically.
Scales for transform parameters are: [10762.267862955729, 13405.942077636719, 18408.209482828777, 1, 1, 1]
Initialization of all components (before registration) took: 7 ms.
Preparation of the image pyramids took: 1210 ms.

Resolution: 0
WARNING: The parameter "ShowExactMetricValue", requested at entry number 0, does not exist at all.
  The default value "false" is used instead.
WARNING: The parameter "CheckNumberOfSamples", requested at entry number 0, does not exist at all.
  The default value "true" is used instead.
WARNING: The parameter "UseMultiThreadingForMetrics", requested at entry number 0, does not exist at all.
  The default value "true" is used instead.
Setting the fixed masks took: 0 ms.
Setting the moving masks took: 0 ms.
WARNING: The parameter "NumberOfFixedHistogramBins", requested at entry number 0, does not exist at all.
  The default value "16" is used instead.
WARNING: The parameter "NumberOfMovingHistogramBins", requested at entry number 0, does not exist at all.
  The default value "16" is used instead.
WARNING: The parameter "FixedLimitRangeRatio", requested at entry number 0, does not exist at all.
  The default value "0.01" is used instead.
WARNING: The parameter "MovingLimitRangeRatio", requested at entry number 0, does not exist at all.
  The default value "0.01" is used instead.
WARNING: The parameter "FixedKernelBSplineOrder", requested at entry number 0, does not exist at all.
  The default value "0" is used instead.
WARNING: The parameter "MovingKernelBSplineOrder", requested at entry number 0, does not exist at all.
  The default value "3" is used instead.
WARNING: The parameter "UseFastAndLowMemoryVersion", requested at entry number 0, does not exist at all.
  The default value "true" is used instead.
WARNING: The parameter "UseJacobianPreconditioning", requested at entry number 0, does not exist at all.
  The default value "false" is used instead.
WARNING: The parameter "FiniteDifferenceDerivative", requested at entry number 0, does not exist at all.
  The default value "false" is used instead.
WARNING: The parameter "SP_A", requested at entry number 0, does not exist at all.
  The default value "20" is used instead.
WARNING: The parameter "MaximumNumberOfSamplingAttempts", requested at entry number 0, does not exist at all.
  The default value "0" is used instead.
WARNING: The parameter "SigmoidInitialTime", requested at entry number 0, does not exist at all.
  The default value "0" is used instead.
WARNING: The parameter "MaxBandCovSize", requested at entry number 0, does not exist at all.
  The default value "192" is used instead.
WARNING: The parameter "NumberOfBandStructureSamples", requested at entry number 0, does not exist at all.
  The default value "10" is used instead.
WARNING: The parameter "UseAdaptiveStepSizes", requested at entry number 0, does not exist at all.
  The default value "true" is used instead.
WARNING: The parameter "AutomaticParameterEstimation", requested at entry number 0, does not exist at all.
  The default value "true" is used instead.
WARNING: The parameter "UseConstantStep", requested at entry number 0, does not exist at all.
  The default value "false" is used instead.
WARNING: The parameter "MaximumStepLengthRatio", requested at entry number 0, does not exist at all.
  The default value "1" is used instead.
WARNING: The parameter "MaximumStepLength", requested at entry number 0, does not exist at all.
  The default value "1.04688" is used instead.
WARNING: The parameter "NumberOfGradientMeasurements", requested at entry number 0, does not exist at all.
  The default value "0" is used instead.
WARNING: The parameter "NumberOfJacobianMeasurements", requested at entry number 0, does not exist at all.
  The default value "1000" is used instead.
WARNING: The parameter "NumberOfSamplesForExactGradient", requested at entry number 0, does not exist at all.
  The default value "100000" is used instead.
WARNING: The parameter "SigmoidScaleFactor", requested at entry number 0, does not exist at all.
  The default value "0.1" is used instead.
Elastix initialization of all components (for this resolution) took: 6 ms.
  Computing the fixed image extrema took 0 ms.
  Computing the moving image extrema took 1 ms.
Initialization of AdvancedMattesMutualInformation metric took: 7 ms.
Starting automatic parameter estimation for AdaptiveStochasticGradientDescent ...
WARNING: The parameter "ASGDParameterEstimationMethod", requested at entry number 0, does not exist at all.
  The default value "Original" is used instead.
  Computing JacobianTerms ...
  Computing the Jacobian terms took 0.002215s
  NumberOfGradientMeasurements to estimate sigma_i: 6
  Sampling gradients ...
  Sampling the gradients took 0.060266s
Automatic parameter estimation took 0.06s
1:ItNr	2:Metric	3a:Time	3b:StepSize	4:||Gradient||	Time[ms]
0	-0.203258	0.000000	125.354754	0.001709	81.7
1	-0.194706	0.000000	125.354754	0.001423	5.1
2	-0.197944	0.000000	125.354754	0.002162	5.4
3	-0.201673	0.000000	125.354754	0.002723	5.4
4	-0.200575	0.000000	125.354754	0.002517	5.0
5	-0.202628	0.000000	125.354754	0.002982	7.8
6	-0.202882	0.000000	125.354754	0.003992	6.7
7	-0.194283	0.000000	125.354754	0.002643	7.2
8	-0.205904	0.000000	125.354754	0.002293	7.1
9	-0.201925	0.000000	125.354754	0.003121	6.3
10	-0.210979	0.000000	125.354754	0.002601	7.6
11	-0.203977	0.000000	125.354754	0.002767	5.8
12	-0.209871	0.000000	125.354754	0.004250	5.6
13	-0.207826	0.000000	125.354754	0.002291	5.4
14	-0.211317	0.000000	125.354754	0.003208	5.7
15	-0.214229	0.000000	125.354754	0.002340	5.6
16	-0.214981	0.000000	125.354754	0.001172	5.7
17	-0.211750	0.000000	125.354754	0.002162	5.7
18	-0.202865	0.000000	125.354754	0.001430	5.5
19	-0.207414	0.999999	119.656817	0.001726	5.4
20	-0.209115	0.696060	121.333081	0.001416	5.5
21	-0.207196	0.662274	121.522320	0.001925	5.7
22	-0.208549	1.662269	116.160031	0.000630	5.4
23	-0.213344	2.537799	111.839250	0.000832	5.1
24	-0.211930	3.221554	108.682119	0.001497	5.3
25	-0.202902	4.216155	104.395368	0.001173	5.4
26	-0.211899	3.793820	106.173629	0.001471	5.7
27	-0.206849	4.791440	102.066804	0.001438	5.7
28	-0.218482	4.477675	103.323786	0.001747	5.2
29	-0.214665	4.115207	104.814976	0.001386	5.5
30	-0.213208	5.108357	100.827863	0.001458	5.5
31	-0.206662	5.171614	100.584161	0.001820	5.3
32	-0.212335	6.171556	96.882557	0.000982	5.3
33	-0.205809	6.212855	96.735526	0.002364	5.6
34	-0.215562	5.795836	98.241005	0.002739	5.3
35	-0.205550	6.795836	94.706626	0.001691	6.1
36	-0.206784	7.795836	91.417726	0.000987	5.6
37	-0.207346	7.942100	90.955729	0.001455	5.5
38	-0.204228	7.523683	92.289969	0.001779	5.5
39	-0.213263	8.522020	89.169028	0.001308	5.4
40	-0.207928	8.359898	89.661410	0.002184	6.0
41	-0.209736	9.358595	86.711847	0.001413	5.3
42	-0.205975	10.358587	83.946699	0.001189	5.4
43	-0.210767	11.227316	81.683806	0.002071	6.1
44	-0.204794	12.226472	79.227486	0.001879	5.3
45	-0.212151	13.226464	76.912703	0.001883	5.2
46	-0.208307	14.226455	74.729343	0.001217	5.5
47	-0.214243	15.226420	72.666574	0.001872	5.1
48	-0.212971	14.813936	73.503505	0.002599	5.4
49	-0.214886	15.813936	71.506884	0.001033	5.2
50	-0.211538	15.391631	72.336681	0.000731	5.2
51	-0.206736	16.347516	70.485272	0.001020	5.4
52	-0.216737	15.945491	71.252263	0.002948	5.1
53	-0.210183	16.945465	69.374557	0.001122	5.1
54	-0.209794	17.895752	67.679623	0.001090	4.9
55	-0.210886	18.886836	65.997961	0.001494	5.1
56	-0.210849	18.835618	66.082817	0.001076	5.1
57	-0.205769	19.830879	64.472034	0.002022	5.4
58	-0.208504	20.823974	62.941170	0.001610	5.3
59	-0.210048	21.816310	61.482407	0.000905	5.5
60	-0.206774	21.394003	62.094864	0.002634	5.5
61	-0.211664	22.390454	60.668871	0.001252	5.5
62	-0.210695	23.390453	59.302161	0.001356	5.3
63	-0.210839	24.389490	57.996902	0.000818	5.4
64	-0.206869	24.373962	58.016750	0.001217	5.3
65	-0.212308	25.231242	56.940928	0.000935	5.4
66	-0.206633	24.829780	57.439722	0.000695	5.2
67	-0.216268	25.132908	57.062300	0.001893	5.6
68	-0.205773	26.131428	55.853386	0.001218	5.2
69	-0.211011	27.119864	54.706095	0.002127	5.5
70	-0.208140	26.697500	55.190520	0.001635	5.2
71	-0.204127	27.697500	54.057187	0.001354	5.3
72	-0.209549	28.616666	53.055758	0.001463	5.3
73	-0.213434	29.616138	52.008113	0.000737	5.8
74	-0.204269	29.800638	51.819228	0.001152	5.5
75	-0.208278	29.723037	51.898506	0.001344	5.2
76	-0.206983	30.722381	50.895759	0.001325	5.1
77	-0.208781	30.304683	51.310128	0.002667	5.3
78	-0.221949	31.300123	50.333531	0.001023	5.0
79	-0.209770	31.410432	50.227593	0.001448	5.4
80	-0.207519	31.099492	50.527361	0.000959	5.4
81	-0.209626	32.081836	49.592291	0.001122	5.3
82	-0.206593	31.833342	49.825541	0.001262	5.6
83	-0.203987	32.304179	49.385430	0.001067	5.2
84	-0.212573	33.302659	48.477365	0.001112	5.3
85	-0.205458	33.907302	47.943529	0.000945	4.9
86	-0.210934	34.109130	47.767944	0.001401	5.0
87	-0.201470	34.986010	47.019779	0.000433	5.1
88	-0.210288	34.695069	47.265402	0.000628	5.5
89	-0.208756	34.742465	47.225214	0.000578	5.2
90	-0.214776	34.408168	47.510140	0.000896	5.3
91	-0.206020	34.495043	47.435766	0.000571	5.2
92	-0.211124	34.330205	47.577085	0.001157	5.1
93	-0.213992	35.162770	46.871795	0.001087	5.3
94	-0.212761	35.360995	46.706944	0.001428	5.6
95	-0.211578	35.064945	46.953579	0.000637	5.5
96	-0.212148	34.670264	47.286462	0.001397	5.7
97	-0.209007	35.459136	46.625755	0.001944	5.3
98	-0.204385	36.459130	45.814300	0.001235	5.1
99	-0.208367	37.459116	45.030613	0.000936	5.4
100	-0.216753	37.677519	44.863005	0.001731	5.2
101	-0.210104	37.257910	45.186136	0.000706	5.2
102	-0.210018	36.897555	45.467375	0.001398	5.3
103	-0.212731	36.561112	45.733130	0.000752	5.1
104	-0.206392	37.552728	44.958619	0.001998	5.3
105	-0.212986	37.164107	45.259009	0.000899	5.5
106	-0.212005	37.581403	44.936613	0.000778	5.0
107	-0.207227	38.105268	44.538328	0.001184	5.2
108	-0.205833	37.790839	44.776531	0.001099	5.3
109	-0.213008	38.279075	44.407742	0.001588	5.4
110	-0.208941	39.279028	43.671073	0.000903	5.3
111	-0.217620	38.900565	43.946995	0.000927	5.9
112	-0.204527	38.566280	44.193625	0.000357	5.1
113	-0.207212	38.450488	44.279701	0.001196	5.3
114	-0.207680	38.125811	44.522854	0.001576	5.8
115	-0.206923	38.089788	44.549996	0.001012	5.1
116	-0.214525	37.754755	44.804031	0.001893	5.3
117	-0.208389	38.754154	44.054675	0.000627	5.3
118	-0.210267	39.747932	43.333983	0.001527	5.1
119	-0.207671	40.701040	42.664594	0.000975	5.5
120	-0.204511	41.012262	42.450473	0.001254	5.2
121	-0.211350	41.383896	42.197586	0.001068	5.4
122	-0.211042	42.238714	41.627188	0.001087	5.2
123	-0.211521	43.198869	41.004614	0.001178	5.2
124	-0.208774	42.777984	41.275212	0.001216	5.7
125	-0.210801	43.536019	40.790397	0.001654	5.1
126	-0.217670	44.047248	40.469811	0.001574	5.3
127	-0.212267	43.627082	40.732921	0.001668	5.8
128	-0.210594	43.204711	41.000883	0.002434	5.4
129	-0.206468	42.782340	41.272393	0.001252	5.4
130	-0.207544	42.359969	41.547524	0.000721	5.3
131	-0.209998	42.070165	41.738432	0.001540	5.1
132	-0.211262	41.673163	42.002824	0.000944	5.3
133	-0.208722	42.657674	41.353221	0.000922	5.4
134	-0.212418	42.625649	41.374035	0.001493	5.2
135	-0.211024	42.229495	41.633257	0.000997	5.4
136	-0.207107	41.809177	41.911867	0.000902	5.1
137	-0.209129	41.404731	42.183497	0.001300	5.3
138	-0.211372	40.997881	42.460320	0.001645	5.3
139	-0.210709	40.575511	42.751571	0.001392	5.1
140	-0.209164	40.153140	43.046847	0.000952	5.3
141	-0.212959	41.102483	42.388801	0.001125	5.5
142	-0.210293	41.594596	42.055545	0.000925	5.3
143	-0.204574	42.259349	41.613609	0.001886	5.2
144	-0.201343	41.837005	41.893305	0.001852	5.2
145	-0.204816	41.414634	42.176805	0.001371	5.1
146	-0.208950	42.414586	41.511740	0.001653	5.0
147	-0.210247	43.344223	40.911984	0.000734	5.2
148	-0.213734	42.963093	41.155762	0.001246	5.1
149	-0.217299	43.503726	40.810818	0.001031	5.2
150	-0.207240	44.415187	40.242182	0.000919	5.0
151	-0.206180	45.383766	39.655024	0.001556	5.3
152	-0.209125	45.106106	39.821584	0.000865	5.5
153	-0.210193	44.727144	40.051182	0.000832	5.4
154	-0.210659	45.640623	39.502179	0.001353	5.4
155	-0.213757	46.460342	39.022183	0.001205	5.0
156	-0.209264	46.101019	39.231145	0.001180	5.2
157	-0.209498	47.086116	38.663533	0.001256	5.2
158	-0.206925	48.029014	38.135411	0.000774	5.5
159	-0.211374	48.579992	37.833431	0.001178	5.5
160	-0.208895	48.211107	38.035077	0.000832	5.4
161	-0.212231	47.797538	38.263721	0.000574	5.2
162	-0.204460	47.617441	38.364150	0.001358	5.1
163	-0.207912	48.335914	37.966613	0.000866	5.7
164	-0.214772	47.915764	38.198079	0.002577	5.1
165	-0.208143	48.915740	37.651748	0.001086	5.4
166	-0.208886	49.915724	37.120820	0.000755	6.1
167	-0.211980	49.514493	37.332039	0.000748	5.2
168	-0.204395	50.184622	36.980597	0.000961	6.4
169	-0.213392	50.121998	37.013159	0.001447	7.2
170	-0.202644	50.467756	36.834091	0.001662	8.9
171	-0.213780	51.467756	36.325808	0.000835	7.0
172	-0.209703	52.467009	35.831727	0.001240	8.1
173	-0.212095	53.464506	35.351740	0.002012	6.7
174	-0.206913	53.070456	35.539808	0.001421	7.9
175	-0.215367	54.068501	35.067302	0.001311	6.5
176	-0.213758	53.646163	35.265709	0.001446	6.8
177	-0.211888	54.645779	34.799692	0.000879	6.4
178	-0.207349	54.375338	34.924551	0.001550	6.5
179	-0.210468	55.315954	34.494096	0.001421	6.5
180	-0.206152	54.910426	34.678370	0.001024	6.3
181	-0.211979	55.904004	34.230335	0.001039	6.0
182	-0.211738	56.866867	33.807060	0.002413	6.6
183	-0.207451	57.585687	33.497828	0.001086	6.6
184	-0.214621	58.585675	33.076930	0.000898	6.7
185	-0.209775	59.314889	32.776611	0.001137	6.3
186	-0.211537	60.230978	32.406969	0.001013	6.3
187	-0.201932	59.817577	32.572739	0.000928	6.0
188	-0.208658	59.460331	32.717363	0.001480	5.3
189	-0.204512	59.086922	32.869909	0.000882	5.3
190	-0.209186	60.084659	32.465449	0.001675	5.4
191	-0.208074	59.664962	32.634365	0.001537	5.5
192	-0.212065	60.330390	32.367358	0.001321	5.4
193	-0.211685	61.330180	31.974300	0.001422	5.9
194	-0.213191	60.910915	32.137962	0.000463	5.2
195	-0.216677	61.544469	31.891293	0.001034	5.3
196	-0.213192	62.081971	31.684971	0.001058	6.1
197	-0.208938	62.145029	31.660941	0.001840	6.0
198	-0.214370	63.144784	31.284765	0.000944	6.7
199	-0.207525	64.144659	30.917381	0.000878	6.1
200	-0.212903	63.858386	31.021682	0.001847	6.2
201	-0.207063	63.687556	31.084258	0.001083	5.0
202	-0.213656	64.622195	30.744947	0.000948	5.2
203	-0.204995	65.460387	30.446889	0.000790	5.3
204	-0.205043	65.267142	30.515093	0.001124	5.4
205	-0.210009	65.954777	30.273781	0.001081	5.2
206	-0.203834	65.657201	30.377739	0.001420	5.2
207	-0.207013	66.623461	30.042751	0.000505	5.7
208	-0.213838	66.213905	30.183832	0.001081	5.2
209	-0.209346	66.981561	29.920472	0.000669	5.3
210	-0.210924	66.669048	30.027129	0.001748	5.5
211	-0.211235	67.667232	29.689094	0.000794	5.0
212	-0.219537	67.251135	29.829076	0.001060	5.4
213	-0.210761	66.910560	29.944637	0.001032	5.4
214	-0.211322	67.340851	29.798783	0.001390	5.7
215	-0.203156	67.069373	29.890639	0.001691	5.9
216	-0.210336	68.069336	29.555063	0.002099	6.1
217	-0.212124	69.069336	29.226926	0.000779	5.6
218	-0.208274	70.069297	28.906008	0.001181	6.1
219	-0.209481	70.803760	28.674750	0.001392	5.5
220	-0.214911	71.704482	28.396144	0.000800	5.8
221	-0.210833	71.648922	28.413173	0.001142	5.5
222	-0.215771	72.122837	28.268574	0.000683	6.4
223	-0.207726	71.721430	28.390954	0.002015	6.1
224	-0.207790	72.713340	28.090449	0.000504	5.8
225	-0.213095	72.762182	28.075817	0.001452	5.9
226	-0.214503	72.837089	28.053405	0.001469	5.7
227	-0.214384	73.836680	27.757718	0.001295	6.2
228	-0.213592	74.240077	27.640148	0.001023	5.8
229	-0.211870	75.238611	27.353365	0.000937	5.6
230	-0.212135	75.156689	27.376669	0.001005	5.6
231	-0.210739	75.805837	27.193090	0.000979	5.7
232	-0.208661	76.528888	26.991488	0.002177	6.3
233	-0.211067	76.846379	26.903907	0.001140	5.4
234	-0.211667	76.424169	27.020501	0.002475	5.9
235	-0.210654	77.422262	26.746488	0.002315	6.1
236	-0.215451	78.422262	26.477469	0.000850	5.7
237	-0.212244	79.421840	26.213918	0.000927	5.6
238	-0.215647	79.171522	26.279423	0.002060	5.5
239	-0.212143	78.749211	26.390683	0.001111	5.3
240	-0.208137	79.749162	26.128752	0.002648	5.6
241	-0.209722	79.326793	26.238752	0.001187	5.7
242	-0.208311	78.904422	26.349683	0.001215	5.7
243	-0.209082	79.901538	26.089293	0.001930	5.5
244	-0.208975	79.479364	26.198910	0.001546	5.7
245	-0.213812	80.479364	25.940740	0.001153	5.8
246	-0.210349	80.079434	26.043377	0.001075	5.5
247	-0.209156	81.042309	25.797631	0.000788	5.8
248	-0.210072	81.517805	25.677977	0.001908	6.2
249	-0.206896	81.098206	25.783507	0.000786	5.5
250	-0.211258	81.151352	25.770093	0.001434	5.9
251	-0.212746	82.136857	25.523852	0.001127	5.6
252	-0.212138	81.716613	25.628277	0.001197	5.6
253	-0.213634	82.667736	25.393145	0.000823	5.3
254	-0.212972	83.614855	25.163251	0.001318	5.7
255	-0.208304	83.193410	25.265032	0.001057	6.0
256	-0.212739	84.192438	25.025086	0.000779	5.6
257	-0.206399	83.865670	25.103066	0.001519	5.6
258	-0.209234	84.839553	24.872080	0.001062	5.6
259	-0.204602	85.484015	24.721549	0.001769	5.8
260	-0.208807	86.483953	24.491561	0.000948	5.9
261	-0.205481	87.483431	24.265916	0.001129	5.9
262	-0.210483	88.166489	24.114083	0.000793	5.6
263	-0.213400	88.556195	24.028307	0.001631	5.6
264	-0.210004	88.136149	24.120787	0.001040	5.8
265	-0.209070	88.638839	24.010194	0.001208	5.9
266	-0.209506	88.218144	24.102679	0.001510	5.5
267	-0.218350	89.218126	23.884001	0.001652	6.0
268	-0.211088	88.844398	23.965262	0.000902	6.2
269	-0.210625	88.439422	24.053945	0.001184	5.7
270	-0.213017	88.018139	24.146898	0.000712	6.0
271	-0.212890	87.834176	24.187713	0.001524	9.3
272	-0.202927	88.291443	24.086514	0.000862	7.1
273	-0.212972	87.876666	24.178274	0.001692	8.3
274	-0.208469	87.457201	24.271785	0.001549	6.9
275	-0.213147	88.457201	24.050038	0.000936	7.9
276	-0.208674	88.909281	23.951115	0.001101	6.1
277	-0.214745	88.679232	24.001352	0.001056	7.8
278	-0.212516	89.674896	23.785429	0.001674	5.7
279	-0.207073	89.252549	23.876544	0.001138	5.9
280	-0.207805	90.225576	23.667666	0.000524	5.7
281	-0.214932	89.984037	23.719175	0.000537	5.6
282	-0.207525	89.996920	23.716422	0.000635	5.8
283	-0.210738	89.848266	23.748227	0.001165	5.6
284	-0.211487	89.561454	23.809834	0.000957	5.5
285	-0.207145	90.352969	23.640590	0.001981	5.5
286	-0.212763	89.932593	23.730175	0.001513	5.5
287	-0.205024	90.932593	23.518171	0.001704	5.5
288	-0.209478	91.932592	23.309921	0.001261	5.4
289	-0.208727	92.928050	23.106248	0.000707	5.4
290	-0.205888	93.880532	22.914673	0.000594	5.1
291	-0.206518	93.801458	22.930456	0.000698	5.9
292	-0.211203	93.893354	22.912116	0.000421	5.7
293	-0.206987	93.843494	22.922063	0.001005	5.4
294	-0.210427	94.195463	22.852027	0.000949	5.4
295	-0.206944	94.937163	22.705833	0.001277	5.5
296	-0.214099	95.047970	22.684152	0.000840	5.4
297	-0.214473	95.993615	22.500799	0.001156	5.3
298	-0.210440	95.672858	22.562658	0.001902	5.4
299	-0.210167	96.670996	22.371272	0.000642	5.6
300	-0.203679	96.253688	22.450891	0.001077	5.3
301	-0.202473	96.074031	22.485344	0.001162	5.4
302	-0.214395	95.693882	22.558593	0.001747	5.4
303	-0.211451	96.457128	22.412006	0.001690	5.2
304	-0.210121	97.455255	22.223158	0.000989	5.6
305	-0.205514	97.033586	22.302549	0.001289	5.0
306	-0.209178	98.007780	22.119981	0.000904	5.5
307	-0.204494	97.590994	22.197721	0.001332	5.8
308	-0.209023	98.466181	22.035105	0.001234	5.5
309	-0.203587	99.310247	21.880512	0.000423	5.4
310	-0.207300	99.487973	21.848237	0.000962	5.8
311	-0.208277	99.256054	21.890373	0.000735	5.4
312	-0.214660	100.115966	21.734953	0.001240	5.1
313	-0.208390	99.696347	21.810518	0.001082	5.3
314	-0.209943	100.606169	21.647338	0.001388	5.0
315	-0.209392	101.605733	21.470854	0.001968	5.2
316	-0.214583	102.605733	21.297150	0.001305	5.1
317	-0.214164	103.303969	21.177520	0.001417	5.4
318	-0.213624	102.883777	21.249351	0.001105	5.1
319	-0.205689	103.820279	21.089921	0.002071	5.1
320	-0.214781	103.398660	21.161400	0.000796	5.1
321	-0.212680	104.398588	20.992659	0.001287	5.4
322	-0.209383	103.979704	21.063019	0.001340	4.9
323	-0.209289	104.975210	20.896570	0.002227	5.5
324	-0.209757	104.552840	20.966868	0.000801	5.1
325	-0.211259	105.541701	20.803022	0.001089	5.2
326	-0.215297	105.184624	20.861891	0.001019	5.4
327	-0.212366	105.300027	20.842829	0.001060	5.7
328	-0.207095	105.390888	20.827845	0.002006	5.3
329	-0.213063	106.376390	20.666701	0.001226	5.4
330	-0.209808	105.954051	20.735454	0.001350	5.2
331	-0.215105	105.533240	20.804413	0.001456	5.3
332	-0.209437	106.533234	20.641285	0.001172	5.1
333	-0.204366	107.048703	20.558192	0.001251	5.1
334	-0.212531	107.700059	20.454146	0.001444	5.3
335	-0.210875	107.285326	20.520272	0.001247	5.3
336	-0.209474	106.862977	20.588054	0.000858	5.1
337	-0.206074	106.451408	20.654537	0.000889	5.4
338	-0.210748	106.055011	20.718977	0.001095	5.1
339	-0.208799	105.640122	20.786855	0.001200	5.3
340	-0.207698	106.629822	20.625664	0.001320	5.7
341	-0.211361	107.440875	20.495421	0.001047	5.2
342	-0.204451	108.247550	20.367503	0.001353	5.3
343	-0.211182	109.215013	20.216178	0.001481	6.1
344	-0.208556	109.959648	20.101229	0.000848	5.0
345	-0.210865	110.935247	19.952590	0.000963	5.4
346	-0.212795	111.382827	19.885131	0.001531	5.4
347	-0.210606	112.085500	19.780140	0.001112	5.1
348	-0.210390	112.775557	19.678108	0.000869	5.0
349	-0.208397	112.480478	19.721609	0.001054	5.1
350	-0.214211	112.078889	19.781123	0.001572	5.2
351	-0.207346	113.076941	19.633875	0.000757	5.2
352	-0.211588	112.969604	19.649605	0.001350	5.2
353	-0.212644	112.549863	19.711363	0.000811	5.3
354	-0.218730	112.146895	19.771019	0.000562	5.6
355	-0.213227	112.232626	19.758297	0.000789	5.4
356	-0.213995	112.829528	19.670172	0.001153	5.2
357	-0.213490	113.618258	19.554924	0.000467	5.0
358	-0.203247	114.013515	19.497676	0.001637	4.9
359	-0.213959	114.990842	19.357552	0.000706	5.4
360	-0.211218	115.255277	19.319984	0.000663	5.6
361	-0.219506	116.034852	19.210075	0.001125	4.9
362	-0.209508	115.619034	19.268544	0.000754	5.0
363	-0.204398	116.603635	19.130671	0.000945	5.7
364	-0.205951	117.302494	19.034001	0.000921	5.2
365	-0.207923	116.940281	19.083982	0.001416	5.3
366	-0.209525	116.784851	19.105510	0.000739	5.6
367	-0.204906	117.744730	18.973332	0.000633	5.0
368	-0.208951	117.367806	19.025017	0.001926	5.3
369	-0.209027	116.946661	19.083099	0.000843	5.3
370	-0.212212	117.475790	19.010181	0.000996	5.2
371	-0.210532	117.057739	19.067745	0.001762	5.3
372	-0.207914	116.687792	19.118978	0.002308	5.2
373	-0.208358	117.687792	18.981121	0.000837	5.4
374	-0.205373	117.268261	19.038714	0.001238	5.7
375	-0.215010	117.821543	18.962834	0.000967	5.0
376	-0.209342	117.574621	18.996623	0.001237	5.3
377	-0.212221	118.559435	18.862572	0.002211	5.5
378	-0.213679	119.559431	18.728376	0.002030	5.1
379	-0.204828	120.559431	18.596075	0.001135	5.1
380	-0.206192	120.137079	18.651724	0.001552	5.1
381	-0.219143	119.798610	18.696561	0.001220	5.4
382	-0.205964	120.757901	18.570040	0.001198	5.2
383	-0.210541	121.472985	18.476835	0.000847	5.2
384	-0.221183	121.324383	18.496127	0.001342	5.1
385	-0.212300	122.251758	18.376388	0.001027	5.4
386	-0.215983	123.244684	18.249891	0.001239	5.1
387	-0.207668	122.932960	18.289416	0.001844	5.1
388	-0.207004	123.582874	18.207204	0.001181	5.0
389	-0.206556	124.575771	18.083022	0.000985	5.2
390	-0.207654	124.172824	18.133214	0.001943	5.3
391	-0.210096	125.172786	18.009165	0.001292	5.3
392	-0.210576	124.759497	18.060229	0.000339	5.1
393	-0.208351	124.635472	18.075609	0.001219	5.5
394	-0.210857	124.338104	18.112592	0.000597	5.2
395	-0.212094	125.075780	18.021125	0.001006	5.3
396	-0.214239	124.672660	18.070994	0.000790	5.5
397	-0.206727	124.280632	18.119758	0.001388	5.0
398	-0.214683	123.918072	18.165090	0.000867	5.1
399	-0.206373	123.496248	18.218119	0.001592	5.6
400	-0.211536	123.641753	18.199792	0.001066	4.9
401	-0.209462	123.891111	18.168470	0.001934	5.3
402	-0.210931	123.468847	18.221574	0.002810	5.2
403	-0.206672	123.046476	18.275003	0.001210	5.3
404	-0.209397	122.624105	18.328747	0.001251	5.5
405	-0.209721	123.603841	18.204564	0.001285	5.6
406	-0.214611	123.551249	18.211187	0.000642	5.2
407	-0.207330	123.280417	18.245372	0.001187	5.4
408	-0.208570	122.952681	18.286911	0.001801	5.4
409	-0.212015	123.948258	18.161307	0.001040	5.6
410	-0.208905	124.888046	18.044315	0.000702	5.4
411	-0.208347	124.591010	18.081129	0.001129	5.6
412	-0.206941	124.307392	18.116421	0.000955	5.4
413	-0.212807	125.288178	17.994959	0.001057	5.8
414	-0.213776	126.208513	17.882456	0.001065	5.9
415	-0.207249	126.915963	17.796929	0.001176	5.2
416	-0.213879	126.599821	17.835048	0.000888	5.6
417	-0.209194	126.302825	17.871007	0.000619	5.4
418	-0.206247	126.491773	17.848113	0.001353	5.5
419	-0.208513	126.218095	17.881293	0.000753	5.4
420	-0.208815	127.160431	17.767563	0.000578	6.1
421	-0.215691	127.473973	17.730042	0.000947	5.2
422	-0.208147	127.154845	17.768233	0.001798	5.1
423	-0.208433	128.152956	17.649331	0.001216	5.4
424	-0.210328	129.152902	17.531795	0.001829	5.1
425	-0.213673	128.730532	17.581249	0.001148	5.4
426	-0.204504	129.729564	17.464721	0.001020	6.1
427	-0.217342	130.706835	17.352216	0.000505	5.2
428	-0.209464	130.457453	17.380788	0.001718	5.6
429	-0.212413	130.057137	17.426848	0.001409	5.4
430	-0.211898	131.057134	17.312242	0.001000	5.3
431	-0.211440	130.637017	17.360206	0.001258	5.3
432	-0.210294	130.502009	17.375676	0.000913	5.2
433	-0.213420	131.495447	17.262481	0.001064	5.2
434	-0.213366	131.074340	17.310283	0.000951	5.2
435	-0.210371	130.727463	17.349857	0.000675	5.5
436	-0.213242	130.335146	17.394835	0.001318	4.8
437	-0.209323	129.938057	17.440597	0.000429	5.3
438	-0.214872	130.208145	17.409445	0.000792	5.6
439	-0.212124	129.995872	17.433919	0.001516	5.5
440	-0.213116	130.981715	17.320832	0.000966	5.1
441	-0.206714	130.562151	17.368781	0.000886	5.5
442	-0.209990	130.368752	17.390973	0.000546	5.2
443	-0.203318	130.290738	17.399940	0.001117	5.4
444	-0.214345	129.958972	17.438181	0.001914	5.3
445	-0.205113	129.536618	17.487106	0.002016	5.6
446	-0.209589	130.536618	17.371708	0.001143	5.4
447	-0.217250	130.230679	17.406851	0.000727	5.4
448	-0.208297	130.517822	17.373863	0.000508	5.4
449	-0.212219	130.377278	17.389993	0.001178	5.8
450	-0.211680	130.198384	17.410569	0.001521	5.4
451	-0.210910	131.064034	17.311456	0.001162	5.0
452	-0.214528	131.180164	17.298245	0.001168	5.2
453	-0.211751	131.253874	17.289871	0.001449	5.6
454	-0.208587	131.471218	17.265225	0.001593	5.3
455	-0.210020	131.240511	17.291389	0.001473	5.3
456	-0.211057	131.859296	17.221392	0.000907	5.3
457	-0.206643	132.627652	17.135260	0.000912	5.2
458	-0.207665	132.346625	17.166663	0.000588	5.5
459	-0.206660	132.135782	17.190299	0.001108	5.7
460	-0.207998	132.017149	17.203626	0.001071	5.3
461	-0.206536	131.600269	17.250624	0.001675	5.2
462	-0.204413	132.600220	17.138321	0.000736	5.6
463	-0.212564	132.268837	17.175376	0.001589	5.4
464	-0.207687	133.191798	17.072567	0.001384	5.2
465	-0.210237	133.320793	17.058296	0.001032	6.1
466	-0.200755	132.899374	17.105007	0.000998	5.5
467	-0.218051	132.535952	17.145495	0.001758	5.6
468	-0.210255	133.504517	17.038012	0.001170	6.0
469	-0.208750	133.082176	17.084713	0.000792	6.0
470	-0.202811	132.667172	17.130854	0.000375	5.6
471	-0.205731	132.390632	17.161738	0.001182	5.4
472	-0.209348	132.665632	17.131025	0.000965	5.5
473	-0.210558	132.245542	17.177986	0.001501	5.4
474	-0.208909	131.874794	17.219646	0.001369	5.6
475	-0.210889	131.452481	17.267347	0.000891	5.9
476	-0.209293	132.245770	17.177961	0.001223	5.5
477	-0.211018	131.829534	17.224745	0.001443	5.6
478	-0.213656	131.407177	17.272479	0.000728	5.3
479	-0.221401	132.126910	17.191295	0.001316	5.5
480	-0.210827	131.709541	17.238280	0.001368	5.3
481	-0.214736	132.707770	17.126329	0.001415	5.5
482	-0.208935	132.285635	17.173493	0.000739	5.3
483	-0.209244	132.732910	17.123528	0.001562	5.3
484	-0.210488	133.627158	17.024499	0.000823	5.5
485	-0.208635	133.212652	17.070258	0.000930	5.0
486	-0.213700	133.301465	17.060433	0.000888	5.3
487	-0.213609	133.789262	17.006670	0.001497	5.6
488	-0.202060	133.776993	17.008018	0.001147	5.2
489	-0.208358	133.779845	17.007704	0.001276	5.4
490	-0.213105	134.222137	16.959242	0.000869	5.4
491	-0.207291	134.617123	16.916197	0.001052	5.1
492	-0.218738	134.540783	16.924499	0.001112	5.3
493	-0.206459	134.149777	16.967152	0.001173	5.7
494	-0.207731	135.134753	16.860115	0.001625	5.1
495	-0.209013	134.712483	16.905837	0.001010	5.5
496	-0.209110	135.695976	16.799728	0.000915	5.2
497	-0.207072	135.307127	16.841521	0.000966	5.3
498	-0.209097	136.237798	16.741839	0.000670	5.3
499	-0.205885	135.962148	16.771240	0.000736	5.7
Time spent in resolution 0 (ITK initialization and iterating): 4.292 s.
Stopping condition: Maximum number of iterations has been reached.
Settings of AdaptiveStochasticGradientDescent in resolution 0:
( SP_a 2632.449829 )
( SP_A 20.000000 )
( SP_alpha 1.000000 )
( SigmoidMax 1.000000 )
( SigmoidMin -0.422371 )
( SigmoidScale 0.000000 )


Resolution: 1
WARNING: The parameter "ShowExactMetricValue", requested at entry number 1, does not exist at all.
  The default value "false" is used instead.
WARNING: The parameter "CheckNumberOfSamples", requested at entry number 1, does not exist at all.
  The default value "true" is used instead.
WARNING: The parameter "UseMultiThreadingForMetrics", requested at entry number 1, does not exist at all.
  The default value "true" is used instead.
Setting the fixed masks took: 0 ms.
Setting the moving masks took: 0 ms.
WARNING: The parameter "NumberOfFixedHistogramBins", requested at entry number 1, does not exist at all.
  The default value "32" is used instead.
WARNING: The parameter "NumberOfMovingHistogramBins", requested at entry number 1, does not exist at all.
  The default value "32" is used instead.
WARNING: The parameter "FixedLimitRangeRatio", requested at entry number 1, does not exist at all.
  The default value "0.01" is used instead.
WARNING: The parameter "MovingLimitRangeRatio", requested at entry number 1, does not exist at all.
  The default value "0.01" is used instead.
WARNING: The parameter "FixedKernelBSplineOrder", requested at entry number 1, does not exist at all.
  The default value "0" is used instead.
WARNING: The parameter "MovingKernelBSplineOrder", requested at entry number 1, does not exist at all.
  The default value "3" is used instead.
WARNING: The parameter "UseFastAndLowMemoryVersion", requested at entry number 1, does not exist at all.
  The default value "true" is used instead.
WARNING: The parameter "UseJacobianPreconditioning", requested at entry number 1, does not exist at all.
  The default value "false" is used instead.
WARNING: The parameter "FiniteDifferenceDerivative", requested at entry number 1, does not exist at all.
  The default value "false" is used instead.
WARNING: The parameter "SP_A", requested at entry number 1, does not exist at all.
  The default value "20" is used instead.
WARNING: The parameter "MaximumNumberOfSamplingAttempts", requested at entry number 1, does not exist at all.
  The default value "0" is used instead.
WARNING: The parameter "SigmoidInitialTime", requested at entry number 1, does not exist at all.
  The default value "0" is used instead.
WARNING: The parameter "MaxBandCovSize", requested at entry number 1, does not exist at all.
  The default value "192" is used instead.
WARNING: The parameter "NumberOfBandStructureSamples", requested at entry number 1, does not exist at all.
  The default value "10" is used instead.
WARNING: The parameter "UseAdaptiveStepSizes", requested at entry number 1, does not exist at all.
  The default value "true" is used instead.
WARNING: The parameter "AutomaticParameterEstimation", requested at entry number 1, does not exist at all.
  The default value "true" is used instead.
WARNING: The parameter "UseConstantStep", requested at entry number 1, does not exist at all.
  The default value "false" is used instead.
WARNING: The parameter "MaximumStepLengthRatio", requested at entry number 1, does not exist at all.
  The default value "1" is used instead.
WARNING: The parameter "MaximumStepLength", requested at entry number 1, does not exist at all.
  The default value "1.04688" is used instead.
WARNING: The parameter "NumberOfGradientMeasurements", requested at entry number 1, does not exist at all.
  The default value "0" is used instead.
WARNING: The parameter "NumberOfJacobianMeasurements", requested at entry number 1, does not exist at all.
  The default value "1000" is used instead.
WARNING: The parameter "NumberOfSamplesForExactGradient", requested at entry number 1, does not exist at all.
  The default value "100000" is used instead.
WARNING: The parameter "SigmoidScaleFactor", requested at entry number 1, does not exist at all.
  The default value "0.1" is used instead.
Elastix initialization of all components (for this resolution) took: 3 ms.
  Computing the fixed image extrema took 0 ms.
  Computing the moving image extrema took 1 ms.
Initialization of AdvancedMattesMutualInformation metric took: 41 ms.
Starting automatic parameter estimation for AdaptiveStochasticGradientDescent ...
WARNING: The parameter "ASGDParameterEstimationMethod", requested at entry number 0, does not exist at all.
  The default value "Original" is used instead.
  Computing JacobianTerms ...
  Computing the Jacobian terms took 0.000656s
  NumberOfGradientMeasurements to estimate sigma_i: 6
  Sampling gradients ...
  Sampling the gradients took 0.065514s
Automatic parameter estimation took 0.07s
1:ItNr	2:Metric	3a:Time	3b:StepSize	4:||Gradient||	Time[ms]
0	-0.274451	0.000000	38.264777	0.005081	116.8
1	-0.272130	0.000000	38.264777	0.004715	5.2
2	-0.275773	0.000000	38.264777	0.008103	6.1
3	-0.273853	0.000000	38.264777	0.007135	8.1
4	-0.280526	0.000000	38.264777	0.006126	7.1
5	-0.280562	0.998026	36.528747	0.010010	8.4
6	-0.276058	0.492242	37.388390	0.005460	6.3
7	-0.273657	1.492242	35.726110	0.005806	10.0
8	-0.274116	2.492233	34.205361	0.003878	5.8
9	-0.275198	1.986450	34.958000	0.005862	6.1
10	-0.272360	1.480673	35.744496	0.009605	6.1
11	-0.276669	0.975520	36.566157	0.006194	6.3
12	-0.272448	1.671269	35.443994	0.007250	6.1
13	-0.277936	1.165485	36.252774	0.005235	5.8
14	-0.280816	0.664071	37.091842	0.005934	5.8
15	-0.277392	1.644639	35.485676	0.004421	5.4
16	-0.273114	1.139933	36.294613	0.006840	5.5
17	-0.279361	0.634162	37.143122	0.006928	5.4
18	-0.278272	0.128378	38.032276	0.003476	6.1
19	-0.277363	1.127788	36.314534	0.006417	5.3
20	-0.279831	1.597151	35.560248	0.005945	5.7
21	-0.286762	2.505580	34.185939	0.003940	5.7
22	-0.276590	1.999821	34.937676	0.007033	5.3
23	-0.283163	1.495348	35.721177	0.007968	5.4
24	-0.282757	1.048471	36.445173	0.006304	5.9
25	-0.278993	0.542701	37.300815	0.004488	5.6
26	-0.292556	1.541261	35.648418	0.003464	5.3
27	-0.280660	1.047083	36.447467	0.002244	5.5
28	-0.277002	1.478679	35.747666	0.008160	5.5
29	-0.283418	2.436650	34.286484	0.007288	5.6
30	-0.289264	3.436650	32.883408	0.005742	5.9
31	-0.285726	4.436649	31.590652	0.006330	5.9
32	-0.291682	3.930865	32.231545	0.009341	5.6
33	-0.281550	4.930617	30.988862	0.007993	5.4
34	-0.284851	5.930617	29.838170	0.006216	5.1
35	-0.284245	5.424833	30.409286	0.007031	5.5
36	-0.288188	4.919078	31.002658	0.003283	5.6
37	-0.283751	5.651132	30.151076	0.003285	5.4
38	-0.277776	5.367715	30.475159	0.005631	5.7
39	-0.281276	6.331071	29.400981	0.001897	5.8
40	-0.286433	5.917357	29.852869	0.003260	5.9
41	-0.276084	5.786597	29.998596	0.003460	5.8
42	-0.283435	5.786422	29.998792	0.003326	5.9
43	-0.281606	5.286385	30.569449	0.004216	5.7
44	-0.289528	4.792373	31.154959	0.003821	5.4
45	-0.284774	4.287377	31.777132	0.006836	5.7
46	-0.292933	3.826740	32.366727	0.002056	5.4
47	-0.287628	4.085615	32.032713	0.003009	6.1
48	-0.283935	3.625695	32.630970	0.003701	6.9
49	-0.284366	3.120330	33.314648	0.008782	6.1
50	-0.280819	4.120330	31.988445	0.002974	6.8
51	-0.293276	3.616793	32.642770	0.006929	7.1
52	-0.285034	3.111029	33.327499	0.005515	6.2
53	-0.283148	2.608170	34.037382	0.004203	6.4
54	-0.283334	2.102411	34.782530	0.006939	6.3
55	-0.283910	1.596632	35.561065	0.006856	6.1
56	-0.286038	1.090849	36.375258	0.008354	6.3
57	-0.285897	0.585065	37.227607	0.007096	5.9
58	-0.287644	1.585060	35.579286	0.011180	6.1
59	-0.288495	2.585060	34.070734	0.005124	6.4
60	-0.291955	2.256845	34.551561	0.008400	6.1
61	-0.292118	1.751062	35.319684	0.005051	6.6
62	-0.292570	1.245518	36.122346	0.006190	6.0
63	-0.295575	2.209880	34.621476	0.007812	7.0
64	-0.293997	1.704096	35.392746	0.006759	5.9
65	-0.290044	2.704094	33.899642	0.005090	6.8
66	-0.287226	3.703829	32.527764	0.004657	6.1
67	-0.297235	3.201203	33.203321	0.008121	5.7
68	-0.299080	2.901386	33.619821	0.005183	6.1
69	-0.296258	2.395602	34.346639	0.010308	5.7
70	-0.282587	1.890415	35.104663	0.006739	5.8
71	-0.295262	1.384632	35.897857	0.005148	5.6
72	-0.296176	0.946860	36.613909	0.004820	6.0
73	-0.285714	0.446712	37.467763	0.006308	6.0
74	-0.292395	0.000000	38.264777	0.006184	6.1
75	-0.283497	0.000000	38.264777	0.012079	5.8
76	-0.292902	1.000000	36.525469	0.005604	6.1
77	-0.296270	2.000000	34.937405	0.002753	6.0
78	-0.296730	2.999942	33.481761	0.009439	6.1
79	-0.294498	3.999913	32.142524	0.006761	5.6
80	-0.291876	4.999856	30.906337	0.008957	5.8
81	-0.300282	5.999856	29.761652	0.005835	5.4
82	-0.290114	6.999856	28.698730	0.004973	5.2
83	-0.292390	7.999856	27.709114	0.006751	6.1
84	-0.294173	8.948615	26.831301	0.007408	5.8
85	-0.289698	9.948615	25.964338	0.005180	5.5
86	-0.289780	10.948350	25.151857	0.005673	5.8
87	-0.291547	11.872277	24.444924	0.008872	5.4
88	-0.282719	11.366493	24.826919	0.004218	6.0
89	-0.295782	12.366490	24.082854	0.007962	6.4
90	-0.293185	11.862110	24.452487	0.005603	5.5
91	-0.293875	11.357201	24.834049	0.005388	6.1
92	-0.287214	11.610131	24.641432	0.008085	5.8
93	-0.291707	11.104347	25.029642	0.006386	6.5
94	-0.291276	12.104347	24.273559	0.002477	6.1
95	-0.291121	12.561727	23.942758	0.004708	5.8
96	-0.291247	12.060424	24.305808	0.007598	6.1
97	-0.289323	13.060424	23.592199	0.008768	5.8
98	-0.303106	14.060424	22.919298	0.010116	5.3
99	-0.297191	15.060366	22.283754	0.007223	5.8
100	-0.288917	16.060364	21.682472	0.005870	5.6
101	-0.292898	15.556215	21.981496	0.008473	5.4
102	-0.296455	16.548456	21.400622	0.005532	5.7
103	-0.292322	17.548456	20.845461	0.005572	5.6
104	-0.298720	17.042672	21.122604	0.005889	5.9
105	-0.301184	18.042656	20.581600	0.006384	5.3
106	-0.295955	19.042645	20.067613	0.004465	5.7
107	-0.300294	20.042643	19.578669	0.005952	5.4
108	-0.292539	21.042489	19.113053	0.005916	5.4
109	-0.301103	20.873134	19.190355	0.009431	5.4
110	-0.293485	21.873134	18.742747	0.005641	5.9
111	-0.288452	22.873134	18.315544	0.003947	5.2
112	-0.294912	23.872974	17.907445	0.002953	5.6
113	-0.291035	23.396747	18.099531	0.007733	5.8
114	-0.294382	23.419384	18.090308	0.004805	5.8
115	-0.303048	22.913600	18.298666	0.002813	5.4
116	-0.293394	23.719886	17.968747	0.008437	6.1
117	-0.292418	23.220585	18.171634	0.006613	5.2
118	-0.292150	24.220585	17.769790	0.006384	5.5
119	-0.298000	25.220585	17.385334	0.008723	5.6
120	-0.286931	26.220585	17.017161	0.009201	5.5
121	-0.304652	27.220585	16.664259	0.005944	5.8
122	-0.293846	28.220069	16.325867	0.004271	7.0
123	-0.297011	28.844010	16.121502	0.004377	6.2
124	-0.301373	28.347532	16.283698	0.005830	5.8
125	-0.290929	29.341895	15.962059	0.005611	6.1
126	-0.299991	29.124062	16.031429	0.003015	6.2
127	-0.295067	30.105756	15.723480	0.004370	6.1
128	-0.289787	31.094614	15.425017	0.002475	5.9
129	-0.286200	30.591460	15.575452	0.005510	6.2
130	-0.286019	30.868473	15.492268	0.002967	6.3
131	-0.301435	31.852482	15.203833	0.004131	6.0
132	-0.298918	32.228798	15.096345	0.006100	6.0
133	-0.290746	32.062732	15.143591	0.004562	5.7
134	-0.298010	31.556956	15.289324	0.004822	5.9
135	-0.294396	32.556165	15.004067	0.004021	5.5
136	-0.293975	33.554333	14.729542	0.007276	5.9
137	-0.299572	34.554333	14.464404	0.005798	5.9
138	-0.297095	35.554333	14.208643	0.005473	5.9
139	-0.297810	36.552664	13.962174	0.004830	6.0
140	-0.295918	37.551284	13.724043	0.009992	6.0
141	-0.290784	38.551284	13.493585	0.008090	5.9
142	-0.291645	38.045501	13.609171	0.004778	5.8
143	-0.306634	39.045497	13.382524	0.007598	5.5
144	-0.289181	38.539739	13.496201	0.003758	5.7
145	-0.294552	39.539737	13.273271	0.005590	5.8
146	-0.286267	39.857931	13.203872	0.005932	5.8
147	-0.294785	40.857854	12.990433	0.001130	5.8
148	-0.296352	40.835364	12.995158	0.002547	5.6
149	-0.291319	40.781915	13.006400	0.003100	5.6
150	-0.295663	41.556199	12.845415	0.004366	5.7
151	-0.293692	42.553704	12.643800	0.007730	6.0
152	-0.298535	42.047920	12.745231	0.006267	5.8
153	-0.293357	43.045230	12.546763	0.004645	5.5
154	-0.292140	42.571860	12.640189	0.003259	5.7
155	-0.291381	42.171586	12.720281	0.006703	5.4
156	-0.298666	41.667168	12.822668	0.004756	5.9
157	-0.298825	41.161397	12.926999	0.003722	5.9
158	-0.291621	42.160428	12.722528	0.003986	5.5
159	-0.286309	41.708716	12.814173	0.006605	5.4
160	-0.296183	41.207374	12.917445	0.004353	5.7
161	-0.301211	40.701595	13.023331	0.002726	5.4
162	-0.297867	41.286790	12.900975	0.008258	5.7
163	-0.293232	40.782985	13.006175	0.002210	5.8
164	-0.298597	40.277271	13.113513	0.008327	5.6
165	-0.300897	39.828345	13.210294	0.006960	5.8
166	-0.289523	40.811693	13.000134	0.002760	6.8
167	-0.287694	40.756567	13.011739	0.005444	7.2
168	-0.293125	40.532050	13.059216	0.008309	7.2
169	-0.298999	41.261799	12.906153	0.005743	6.3
170	-0.291992	41.938386	12.767412	0.004822	6.0
171	-0.291109	41.702915	12.815358	0.005656	5.8
172	-0.291576	42.685673	12.617599	0.009465	6.4
173	-0.297534	43.685673	12.422539	0.005202	6.2
174	-0.298030	44.685673	12.233418	0.007631	6.0
175	-0.294787	44.179890	12.328347	0.004203	6.3
176	-0.294494	43.677486	12.424112	0.005008	6.7
177	-0.291839	44.677448	12.234950	0.004887	6.2
178	-0.293630	44.195414	12.325412	0.006653	6.6
179	-0.282604	43.833011	12.394308	0.006302	6.3
180	-0.296137	44.831691	12.206284	0.003325	5.9
181	-0.298688	45.831328	12.023707	0.003320	5.9
182	-0.299227	45.326600	12.115204	0.007950	6.0
183	-0.293989	44.846522	12.203535	0.005843	5.4
184	-0.295132	45.846522	12.020974	0.004760	5.6
185	-0.297406	45.346653	12.111543	0.006357	5.3
186	-0.293140	46.339840	11.932911	0.003217	5.6
187	-0.296836	47.339579	11.758344	0.005062	6.0
188	-0.296163	46.833883	11.846002	0.005930	5.5
189	-0.289951	47.833873	11.673908	0.004775	5.9
190	-0.296006	48.810621	11.510574	0.004100	5.9
191	-0.299203	48.304847	11.594576	0.005944	5.6
192	-0.294757	49.284861	11.432907	0.005547	5.5
193	-0.285391	50.283802	11.272692	0.009723	6.4
194	-0.283690	51.283789	11.116743	0.004585	5.6
195	-0.297212	50.853889	11.183254	0.003418	5.8
196	-0.298165	51.720809	11.049936	0.006059	6.1
197	-0.298592	51.215401	11.127271	0.006146	5.6
198	-0.299393	51.233090	11.124546	0.006752	5.7
199	-0.288281	50.727306	11.202990	0.003918	5.7
200	-0.289540	50.235404	11.280350	0.004873	6.0
201	-0.287791	49.871708	11.338238	0.005112	5.3
202	-0.289269	50.871464	11.180520	0.006405	5.7
203	-0.290840	50.367418	11.259484	0.007303	5.9
204	-0.291005	51.367418	11.103896	0.002240	5.5
205	-0.291535	52.350501	10.955076	0.005399	5.7
206	-0.289781	51.869858	11.027335	0.005750	6.1
207	-0.290774	51.364077	11.104409	0.004094	5.5
208	-0.290764	50.859405	11.182396	0.002993	5.7
209	-0.294899	50.368459	11.259320	0.004135	5.8
210	-0.297426	51.360627	11.104939	0.004994	6.0
211	-0.282993	51.873644	11.026762	0.004692	5.7
212	-0.295464	52.863266	10.879025	0.006854	5.7
213	-0.294927	52.357484	10.954033	0.006878	6.0
214	-0.295933	53.357484	10.806717	0.002197	5.5
215	-0.287128	52.852429	10.880621	0.006509	5.8
216	-0.292745	52.346705	10.955643	0.006838	5.8
217	-0.298091	51.840921	11.031715	0.008443	5.6
218	-0.302132	52.840921	10.882317	0.005833	5.5
219	-0.291402	53.840921	10.736911	0.004233	5.6
220	-0.303050	54.840902	10.595342	0.006189	5.3
221	-0.296352	54.335126	10.666476	0.007221	5.6
222	-0.301276	55.335126	10.526744	0.006122	6.0
223	-0.302755	56.335126	10.390625	0.007340	5.4
224	-0.292704	55.829342	10.459029	0.005366	5.8
225	-0.294718	56.829328	10.324647	0.003189	5.8
226	-0.294790	57.809172	10.196279	0.005232	5.6
227	-0.292150	58.808647	10.068587	0.002751	5.5
228	-0.306808	59.318301	10.004698	0.006679	6.1
229	-0.289386	59.614587	9.967927	0.006514	5.8
230	-0.297687	59.108804	10.030861	0.005151	5.7
231	-0.297280	60.100485	9.908206	0.009660	5.7
232	-0.292187	60.534064	9.855516	0.009137	5.5
233	-0.291001	61.534064	9.736105	0.003544	5.8
234	-0.293972	61.028366	9.796127	0.006979	6.2
235	-0.291840	61.947762	9.687547	0.003679	6.0
236	-0.288997	62.932401	9.573899	0.002656	5.7
237	-0.297706	63.086163	9.556392	0.003421	8.1
238	-0.296850	62.614957	9.610246	0.006696	7.0
239	-0.291346	62.575743	9.614755	0.007228	5.5
240	-0.295917	62.069960	9.673296	0.004562	5.8
241	-0.285317	63.069955	9.558234	0.006011	6.9
242	-0.299307	64.069267	9.445953	0.005574	14.1
243	-0.283760	63.563484	9.502450	0.007980	7.8
244	-0.295757	64.563484	9.391393	0.003008	11.6
245	-0.298606	64.057747	9.447232	0.006102	7.3
246	-0.294498	64.619413	9.385258	0.005918	12.9
247	-0.281680	64.115308	9.440844	0.002886	7.0
248	-0.293801	65.114566	9.331294	0.003327	6.4
